timestamp: 2016-06-20T18:04:59.449143
CREATE TABLE auth_user(
    id INTEGER PRIMARY KEY AUTOINCREMENT,
    first_name CHAR(128),
    last_name CHAR(128),
    email CHAR(512),
    password CHAR(512),
    registration_key CHAR(512),
    reset_password_key CHAR(512),
    registration_id CHAR(512)
);
success!
timestamp: 2016-06-20T18:04:59.458559
CREATE TABLE auth_group(
    id INTEGER PRIMARY KEY AUTOINCREMENT,
    role CHAR(512),
    description TEXT
);
success!
timestamp: 2016-06-20T18:04:59.481212
CREATE TABLE auth_membership(
    id INTEGER PRIMARY KEY AUTOINCREMENT,
    user_id INTEGER REFERENCES auth_user (id) ON DELETE CASCADE  ,
    group_id INTEGER REFERENCES auth_group (id) ON DELETE CASCADE  
);
success!
timestamp: 2016-06-20T18:04:59.538851
CREATE TABLE auth_permission(
    id INTEGER PRIMARY KEY AUTOINCREMENT,
    group_id INTEGER REFERENCES auth_group (id) ON DELETE CASCADE  ,
    name CHAR(512),
    table_name CHAR(512),
    record_id INTEGER
);
success!
timestamp: 2016-06-20T18:04:59.546366
CREATE TABLE auth_event(
    id INTEGER PRIMARY KEY AUTOINCREMENT,
    time_stamp TIMESTAMP,
    client_ip CHAR(512),
    user_id INTEGER REFERENCES auth_user (id) ON DELETE CASCADE  ,
    origin CHAR(512),
    description TEXT
);
success!
timestamp: 2016-06-20T18:04:59.549994
CREATE TABLE auth_cas(
    id INTEGER PRIMARY KEY AUTOINCREMENT,
    user_id INTEGER REFERENCES auth_user (id) ON DELETE CASCADE  ,
    created_on TIMESTAMP,
    service CHAR(512),
    ticket CHAR(512),
    renew CHAR(1)
);
success!
timestamp: 2016-06-22T11:26:27.046826
CREATE TABLE mytable(
    id INTEGER PRIMARY KEY AUTOINCREMENT,
    content CHAR(512)
);
success!
timestamp: 2016-06-22T13:19:00.906574
CREATE TABLE mytable(
    id INTEGER PRIMARY KEY AUTOINCREMENT,
    content CHAR(512)
);
timestamp: 2016-06-22T13:19:31.109114
CREATE TABLE mytable(
    id INTEGER PRIMARY KEY AUTOINCREMENT,
    content CHAR(512)
);
timestamp: 2016-06-22T13:19:46.696200
CREATE TABLE mytable(
    id INTEGER PRIMARY KEY AUTOINCREMENT,
    content CHAR(512)
);
timestamp: 2016-06-22T13:21:20.423383
CREATE TABLE mytable(
    id INTEGER PRIMARY KEY AUTOINCREMENT,
    content CHAR(512)
);
faked!
timestamp: 2016-06-23T11:19:15.938066
CREATE TABLE mytable(
    id INTEGER PRIMARY KEY AUTOINCREMENT,
    content CHAR(512)
);
success!
